2018-05-14 09:46:10.549 [restartedMain] INFO  com.songwen.PingApplication - Starting PingApplication on huangtianhao with PID 7968 (D:\IdeaProject\ping\target\classes started by Administrator in D:\IdeaProject\ping)
2018-05-14 09:46:10.551 [restartedMain] INFO  com.songwen.PingApplication - No active profile set, falling back to default profiles: default
2018-05-14 09:46:10.590 [restartedMain] INFO  o.s.b.w.s.c.AnnotationConfigServletWebServerApplicationContext - Refreshing org.springframework.boot.web.servlet.context.AnnotationConfigServletWebServerApplicationContext@3de8b7ee: startup date [Mon May 14 09:46:10 CST 2018]; root of context hierarchy
2018-05-14 09:46:12.227 [restartedMain] INFO  o.s.c.s.PostProcessorRegistrationDelegate$BeanPostProcessorChecker - Bean 'org.springframework.transaction.annotation.ProxyTransactionManagementConfiguration' of type [org.springframework.transaction.annotation.ProxyTransactionManagementConfiguration$$EnhancerBySpringCGLIB$$16d0f362] is not eligible for getting processed by all BeanPostProcessors (for example: not eligible for auto-proxying)
2018-05-14 09:46:12.569 [restartedMain] INFO  o.s.boot.web.embedded.tomcat.TomcatWebServer - Tomcat initialized with port(s): 8080 (http)
2018-05-14 09:46:12.588 [restartedMain] INFO  org.apache.coyote.http11.Http11NioProtocol - Initializing ProtocolHandler ["http-nio-8080"]
2018-05-14 09:46:12.595 [restartedMain] INFO  org.apache.catalina.core.StandardService - Starting service [Tomcat]
2018-05-14 09:46:12.595 [restartedMain] INFO  org.apache.catalina.core.StandardEngine - Starting Servlet Engine: Apache Tomcat/8.5.29
2018-05-14 09:46:12.598 [localhost-startStop-1] INFO  org.apache.catalina.core.AprLifecycleListener - The APR based Apache Tomcat Native library which allows optimal performance in production environments was not found on the java.library.path: [C:\Program Files\Java\jdk1.8.0_151\bin;C:\WINDOWS\Sun\Java\bin;C:\WINDOWS\system32;C:\WINDOWS;C:\Python27\;C:\Python27\Scripts;C:\windows\system32;C:\windows;C:\windows\System32\Wbem;C:\windows\System32\WindowsPowerShell\v1.0\;C:\Program Files (x86)\NVIDIA Corporation\PhysX\Common;C:\Program Files\Java\jdk1.8.0_151\bin;C:\Program Files\Java\jdk1.8.0_151\jre\bin;D:\Maven\apache-maven-3.5.0\bin;D:\Git\cmd;D:\Git\mingw64\bin;D:\Git\usr\bin;C:\WINDOWS\system32;C:\WINDOWS;C:\WINDOWS\System32\Wbem;C:\WINDOWS\System32\WindowsPowerShell\v1.0\;C:\Program Files\MySQL\MySQL Server 5.7\bin;C:\Users\Administrator\AppData\Local\Microsoft\WindowsApps;;.]
2018-05-14 09:46:12.763 [localhost-startStop-1] INFO  org.apache.jasper.servlet.TldScanner - At least one JAR was scanned for TLDs yet contained no TLDs. Enable debug logging for this logger for a complete list of JARs that were scanned but no TLDs were found in them. Skipping unneeded JARs during scanning can improve startup time and JSP compilation time.
2018-05-14 09:46:12.766 [localhost-startStop-1] INFO  o.a.c.core.ContainerBase.[Tomcat].[localhost].[/] - Initializing Spring embedded WebApplicationContext
2018-05-14 09:46:12.766 [localhost-startStop-1] INFO  org.springframework.web.context.ContextLoader - Root WebApplicationContext: initialization completed in 2176 ms
2018-05-14 09:46:12.861 [localhost-startStop-1] INFO  o.s.boot.web.servlet.ServletRegistrationBean - Servlet dispatcherServlet mapped to [/]
2018-05-14 09:46:12.864 [localhost-startStop-1] INFO  o.s.boot.web.servlet.FilterRegistrationBean - Mapping filter: 'characterEncodingFilter' to: [/*]
2018-05-14 09:46:12.864 [localhost-startStop-1] INFO  o.s.boot.web.servlet.FilterRegistrationBean - Mapping filter: 'hiddenHttpMethodFilter' to: [/*]
2018-05-14 09:46:12.864 [localhost-startStop-1] INFO  o.s.boot.web.servlet.FilterRegistrationBean - Mapping filter: 'httpPutFormContentFilter' to: [/*]
2018-05-14 09:46:12.864 [localhost-startStop-1] INFO  o.s.boot.web.servlet.FilterRegistrationBean - Mapping filter: 'requestContextFilter' to: [/*]
2018-05-14 09:46:12.972 [restartedMain] INFO  com.zaxxer.hikari.HikariDataSource - HikariPool-1 - Starting...
2018-05-14 09:46:13.116 [restartedMain] INFO  com.zaxxer.hikari.HikariDataSource - HikariPool-1 - Start completed.
2018-05-14 09:46:13.145 [restartedMain] INFO  o.s.orm.jpa.LocalContainerEntityManagerFactoryBean - Building JPA container EntityManagerFactory for persistence unit 'default'
2018-05-14 09:46:13.223 [restartedMain] INFO  org.hibernate.jpa.internal.util.LogHelper - HHH000204: Processing PersistenceUnitInfo [
	name: default
	...]
2018-05-14 09:46:13.274 [restartedMain] INFO  org.hibernate.Version - HHH000412: Hibernate Core {5.2.16.Final}
2018-05-14 09:46:13.275 [restartedMain] INFO  org.hibernate.cfg.Environment - HHH000206: hibernate.properties not found
2018-05-14 09:46:13.305 [restartedMain] INFO  org.hibernate.annotations.common.Version - HCANN000001: Hibernate Commons Annotations {5.0.1.Final}
2018-05-14 09:46:13.383 [restartedMain] INFO  org.hibernate.dialect.Dialect - HHH000400: Using dialect: org.hibernate.dialect.MySQL5Dialect
2018-05-14 09:46:13.510 [restartedMain] WARN  o.s.b.w.s.c.AnnotationConfigServletWebServerApplicationContext - Exception encountered during context initialization - cancelling refresh attempt: org.springframework.beans.factory.BeanCreationException: Error creating bean with name 'entityManagerFactory' defined in class path resource [org/springframework/boot/autoconfigure/orm/jpa/HibernateJpaConfiguration.class]: Invocation of init method failed; nested exception is org.hibernate.AnnotationException: @OneToOne or @ManyToOne on com.songwen.ping.entity.Infos.type_id references an unknown entity: java.lang.Integer
2018-05-14 09:46:13.511 [restartedMain] INFO  com.zaxxer.hikari.HikariDataSource - HikariPool-1 - Shutdown initiated...
2018-05-14 09:46:13.514 [restartedMain] INFO  com.zaxxer.hikari.HikariDataSource - HikariPool-1 - Shutdown completed.
2018-05-14 09:46:13.515 [restartedMain] INFO  org.apache.catalina.core.StandardService - Stopping service [Tomcat]
2018-05-14 09:46:13.525 [restartedMain] INFO  o.s.b.a.l.ConditionEvaluationReportLoggingListener - 

Error starting ApplicationContext. To display the conditions report re-run your application with 'debug' enabled.
2018-05-14 09:46:13.534 [restartedMain] ERROR org.springframework.boot.SpringApplication - Application run failed
org.springframework.beans.factory.BeanCreationException: Error creating bean with name 'entityManagerFactory' defined in class path resource [org/springframework/boot/autoconfigure/orm/jpa/HibernateJpaConfiguration.class]: Invocation of init method failed; nested exception is org.hibernate.AnnotationException: @OneToOne or @ManyToOne on com.songwen.ping.entity.Infos.type_id references an unknown entity: java.lang.Integer
	at org.springframework.beans.factory.support.AbstractAutowireCapableBeanFactory.initializeBean(AbstractAutowireCapableBeanFactory.java:1702)
	at org.springframework.beans.factory.support.AbstractAutowireCapableBeanFactory.doCreateBean(AbstractAutowireCapableBeanFactory.java:579)
	at org.springframework.beans.factory.support.AbstractAutowireCapableBeanFactory.createBean(AbstractAutowireCapableBeanFactory.java:501)
	at org.springframework.beans.factory.support.AbstractBeanFactory.lambda$doGetBean$0(AbstractBeanFactory.java:317)
	at org.springframework.beans.factory.support.DefaultSingletonBeanRegistry.getSingleton(DefaultSingletonBeanRegistry.java:228)
	at org.springframework.beans.factory.support.AbstractBeanFactory.doGetBean(AbstractBeanFactory.java:315)
	at org.springframework.beans.factory.support.AbstractBeanFactory.getBean(AbstractBeanFactory.java:199)
	at org.springframework.context.support.AbstractApplicationContext.getBean(AbstractApplicationContext.java:1089)
	at org.springframework.context.support.AbstractApplicationContext.finishBeanFactoryInitialization(AbstractApplicationContext.java:859)
	at org.springframework.context.support.AbstractApplicationContext.refresh(AbstractApplicationContext.java:550)
	at org.springframework.boot.web.servlet.context.ServletWebServerApplicationContext.refresh(ServletWebServerApplicationContext.java:140)
	at org.springframework.boot.SpringApplication.refresh(SpringApplication.java:759)
	at org.springframework.boot.SpringApplication.refreshContext(SpringApplication.java:395)
	at org.springframework.boot.SpringApplication.run(SpringApplication.java:327)
	at org.springframework.boot.SpringApplication.run(SpringApplication.java:1255)
	at org.springframework.boot.SpringApplication.run(SpringApplication.java:1243)
	at com.songwen.PingApplication.main(PingApplication.java:16)
	at sun.reflect.NativeMethodAccessorImpl.invoke0(Native Method)
	at sun.reflect.NativeMethodAccessorImpl.invoke(NativeMethodAccessorImpl.java:62)
	at sun.reflect.DelegatingMethodAccessorImpl.invoke(DelegatingMethodAccessorImpl.java:43)
	at java.lang.reflect.Method.invoke(Method.java:498)
	at org.springframework.boot.devtools.restart.RestartLauncher.run(RestartLauncher.java:49)
Caused by: org.hibernate.AnnotationException: @OneToOne or @ManyToOne on com.songwen.ping.entity.Infos.type_id references an unknown entity: java.lang.Integer
	at org.hibernate.cfg.ToOneFkSecondPass.doSecondPass(ToOneFkSecondPass.java:97)
	at org.hibernate.boot.internal.InFlightMetadataCollectorImpl.processEndOfQueue(InFlightMetadataCollectorImpl.java:1766)
	at org.hibernate.boot.internal.InFlightMetadataCollectorImpl.processFkSecondPassesInOrder(InFlightMetadataCollectorImpl.java:1710)
	at org.hibernate.boot.internal.InFlightMetadataCollectorImpl.processSecondPasses(InFlightMetadataCollectorImpl.java:1597)
	at org.hibernate.boot.model.process.spi.MetadataBuildingProcess.complete(MetadataBuildingProcess.java:278)
	at org.hibernate.jpa.boot.internal.EntityManagerFactoryBuilderImpl.metadata(EntityManagerFactoryBuilderImpl.java:861)
	at org.hibernate.jpa.boot.internal.EntityManagerFactoryBuilderImpl.build(EntityManagerFactoryBuilderImpl.java:888)
	at org.springframework.orm.jpa.vendor.SpringHibernateJpaPersistenceProvider.createContainerEntityManagerFactory(SpringHibernateJpaPersistenceProvider.java:57)
	at org.springframework.orm.jpa.LocalContainerEntityManagerFactoryBean.createNativeEntityManagerFactory(LocalContainerEntityManagerFactoryBean.java:365)
	at org.springframework.orm.jpa.AbstractEntityManagerFactoryBean.buildNativeEntityManagerFactory(AbstractEntityManagerFactoryBean.java:390)
	at org.springframework.orm.jpa.AbstractEntityManagerFactoryBean.afterPropertiesSet(AbstractEntityManagerFactoryBean.java:377)
	at org.springframework.orm.jpa.LocalContainerEntityManagerFactoryBean.afterPropertiesSet(LocalContainerEntityManagerFactoryBean.java:341)
	at org.springframework.beans.factory.support.AbstractAutowireCapableBeanFactory.invokeInitMethods(AbstractAutowireCapableBeanFactory.java:1761)
	at org.springframework.beans.factory.support.AbstractAutowireCapableBeanFactory.initializeBean(AbstractAutowireCapableBeanFactory.java:1698)
	... 21 common frames omitted
2018-05-14 09:46:59.802 [restartedMain] INFO  com.songwen.PingApplication - Starting PingApplication on huangtianhao with PID 12440 (D:\IdeaProject\ping\target\classes started by Administrator in D:\IdeaProject\ping)
2018-05-14 09:46:59.803 [restartedMain] INFO  com.songwen.PingApplication - No active profile set, falling back to default profiles: default
2018-05-14 09:46:59.860 [restartedMain] INFO  o.s.b.w.s.c.AnnotationConfigServletWebServerApplicationContext - Refreshing org.springframework.boot.web.servlet.context.AnnotationConfigServletWebServerApplicationContext@5fb5580f: startup date [Mon May 14 09:46:59 CST 2018]; root of context hierarchy
2018-05-14 09:47:00.783 [restartedMain] INFO  o.s.c.s.PostProcessorRegistrationDelegate$BeanPostProcessorChecker - Bean 'org.springframework.transaction.annotation.ProxyTransactionManagementConfiguration' of type [org.springframework.transaction.annotation.ProxyTransactionManagementConfiguration$$EnhancerBySpringCGLIB$$be17fa19] is not eligible for getting processed by all BeanPostProcessors (for example: not eligible for auto-proxying)
2018-05-14 09:47:01.092 [restartedMain] INFO  o.s.boot.web.embedded.tomcat.TomcatWebServer - Tomcat initialized with port(s): 8080 (http)
2018-05-14 09:47:01.103 [restartedMain] INFO  org.apache.coyote.http11.Http11NioProtocol - Initializing ProtocolHandler ["http-nio-8080"]
2018-05-14 09:47:01.110 [restartedMain] INFO  org.apache.catalina.core.StandardService - Starting service [Tomcat]
2018-05-14 09:47:01.110 [restartedMain] INFO  org.apache.catalina.core.StandardEngine - Starting Servlet Engine: Apache Tomcat/8.5.29
2018-05-14 09:47:01.113 [localhost-startStop-1] INFO  org.apache.catalina.core.AprLifecycleListener - The APR based Apache Tomcat Native library which allows optimal performance in production environments was not found on the java.library.path: [C:\Program Files\Java\jdk1.8.0_151\bin;C:\WINDOWS\Sun\Java\bin;C:\WINDOWS\system32;C:\WINDOWS;C:\Python27\;C:\Python27\Scripts;C:\windows\system32;C:\windows;C:\windows\System32\Wbem;C:\windows\System32\WindowsPowerShell\v1.0\;C:\Program Files (x86)\NVIDIA Corporation\PhysX\Common;C:\Program Files\Java\jdk1.8.0_151\bin;C:\Program Files\Java\jdk1.8.0_151\jre\bin;D:\Maven\apache-maven-3.5.0\bin;D:\Git\cmd;D:\Git\mingw64\bin;D:\Git\usr\bin;C:\WINDOWS\system32;C:\WINDOWS;C:\WINDOWS\System32\Wbem;C:\WINDOWS\System32\WindowsPowerShell\v1.0\;C:\Program Files\MySQL\MySQL Server 5.7\bin;C:\Users\Administrator\AppData\Local\Microsoft\WindowsApps;;.]
2018-05-14 09:47:01.281 [localhost-startStop-1] INFO  org.apache.jasper.servlet.TldScanner - At least one JAR was scanned for TLDs yet contained no TLDs. Enable debug logging for this logger for a complete list of JARs that were scanned but no TLDs were found in them. Skipping unneeded JARs during scanning can improve startup time and JSP compilation time.
2018-05-14 09:47:01.284 [localhost-startStop-1] INFO  o.a.c.core.ContainerBase.[Tomcat].[localhost].[/] - Initializing Spring embedded WebApplicationContext
2018-05-14 09:47:01.284 [localhost-startStop-1] INFO  org.springframework.web.context.ContextLoader - Root WebApplicationContext: initialization completed in 1424 ms
2018-05-14 09:47:01.372 [localhost-startStop-1] INFO  o.s.boot.web.servlet.ServletRegistrationBean - Servlet dispatcherServlet mapped to [/]
2018-05-14 09:47:01.376 [localhost-startStop-1] INFO  o.s.boot.web.servlet.FilterRegistrationBean - Mapping filter: 'characterEncodingFilter' to: [/*]
2018-05-14 09:47:01.376 [localhost-startStop-1] INFO  o.s.boot.web.servlet.FilterRegistrationBean - Mapping filter: 'hiddenHttpMethodFilter' to: [/*]
2018-05-14 09:47:01.376 [localhost-startStop-1] INFO  o.s.boot.web.servlet.FilterRegistrationBean - Mapping filter: 'httpPutFormContentFilter' to: [/*]
2018-05-14 09:47:01.376 [localhost-startStop-1] INFO  o.s.boot.web.servlet.FilterRegistrationBean - Mapping filter: 'requestContextFilter' to: [/*]
2018-05-14 09:47:01.480 [restartedMain] INFO  com.zaxxer.hikari.HikariDataSource - HikariPool-1 - Starting...
2018-05-14 09:47:01.605 [restartedMain] INFO  com.zaxxer.hikari.HikariDataSource - HikariPool-1 - Start completed.
2018-05-14 09:47:01.637 [restartedMain] INFO  o.s.orm.jpa.LocalContainerEntityManagerFactoryBean - Building JPA container EntityManagerFactory for persistence unit 'default'
2018-05-14 09:47:01.698 [restartedMain] INFO  org.hibernate.jpa.internal.util.LogHelper - HHH000204: Processing PersistenceUnitInfo [
	name: default
	...]
2018-05-14 09:47:01.749 [restartedMain] INFO  org.hibernate.Version - HHH000412: Hibernate Core {5.2.16.Final}
2018-05-14 09:47:01.750 [restartedMain] INFO  org.hibernate.cfg.Environment - HHH000206: hibernate.properties not found
2018-05-14 09:47:01.776 [restartedMain] INFO  org.hibernate.annotations.common.Version - HCANN000001: Hibernate Commons Annotations {5.0.1.Final}
2018-05-14 09:47:01.851 [restartedMain] INFO  org.hibernate.dialect.Dialect - HHH000400: Using dialect: org.hibernate.dialect.MySQL5Dialect
2018-05-14 09:47:02.361 [restartedMain] INFO  o.s.orm.jpa.LocalContainerEntityManagerFactoryBean - Initialized JPA EntityManagerFactory for persistence unit 'default'
2018-05-14 09:47:02.722 [restartedMain] INFO  o.s.web.servlet.handler.SimpleUrlHandlerMapping - Mapped URL path [/**/favicon.ico] onto handler of type [class org.springframework.web.servlet.resource.ResourceHttpRequestHandler]
2018-05-14 09:47:02.894 [restartedMain] INFO  o.s.w.s.m.m.a.RequestMappingHandlerAdapter - Looking for @ControllerAdvice: org.springframework.boot.web.servlet.context.AnnotationConfigServletWebServerApplicationContext@5fb5580f: startup date [Mon May 14 09:46:59 CST 2018]; root of context hierarchy
2018-05-14 09:47:02.946 [restartedMain] WARN  o.s.b.a.o.j.JpaBaseConfiguration$JpaWebConfiguration$JpaWebMvcConfiguration - spring.jpa.open-in-view is enabled by default. Therefore, database queries may be performed during view rendering. Explicitly configure spring.jpa.open-in-view to disable this warning
2018-05-14 09:47:02.971 [restartedMain] INFO  o.s.w.s.m.m.a.RequestMappingHandlerMapping - Mapped "{[/loger]}" onto public java.lang.String com.songwen.ping.web.LoggerController.index()
2018-05-14 09:47:02.972 [restartedMain] INFO  o.s.w.s.m.m.a.RequestMappingHandlerMapping - Mapped "{[/upload],methods=[GET]}" onto public java.lang.String com.songwen.ping.web.UploadController.upload()
2018-05-14 09:47:02.973 [restartedMain] INFO  o.s.w.s.m.m.a.RequestMappingHandlerMapping - Mapped "{[/uploads],methods=[POST]}" onto public java.lang.String com.songwen.ping.web.UploadController.uploads(javax.servlet.http.HttpServletRequest,org.springframework.web.multipart.MultipartFile[])
2018-05-14 09:47:02.974 [restartedMain] INFO  o.s.w.s.m.m.a.RequestMappingHandlerMapping - Mapped "{[/add]}" onto public java.lang.String com.songwen.ping.web.UserController.add()
2018-05-14 09:47:02.974 [restartedMain] INFO  o.s.w.s.m.m.a.RequestMappingHandlerMapping - Mapped "{[/delete]}" onto public java.lang.String com.songwen.ping.web.UserController.delete(java.lang.Integer)
2018-05-14 09:47:02.974 [restartedMain] INFO  o.s.w.s.m.m.a.RequestMappingHandlerMapping - Mapped "{[/list]}" onto public java.util.List<com.songwen.ping.entity.User> com.songwen.ping.web.UserController.list()
2018-05-14 09:47:02.975 [restartedMain] INFO  o.s.w.s.m.m.a.RequestMappingHandlerMapping - Mapped "{[/cutPage]}" onto public java.util.List<com.songwen.ping.entity.User> com.songwen.ping.web.UserController.cutPage(int)
2018-05-14 09:47:02.975 [restartedMain] INFO  o.s.w.s.m.m.a.RequestMappingHandlerMapping - Mapped "{[/deleteWhere]}" onto public java.lang.String com.songwen.ping.web.UserController.deleteWhere()
2018-05-14 09:47:02.975 [restartedMain] INFO  o.s.w.s.m.m.a.RequestMappingHandlerMapping - Mapped "{[/age]}" onto public java.util.List<com.songwen.ping.entity.User> com.songwen.ping.web.UserController.age()
2018-05-14 09:47:02.978 [restartedMain] INFO  o.s.w.s.m.m.a.RequestMappingHandlerMapping - Mapped "{[/error]}" onto public org.springframework.http.ResponseEntity<java.util.Map<java.lang.String, java.lang.Object>> org.springframework.boot.autoconfigure.web.servlet.error.BasicErrorController.error(javax.servlet.http.HttpServletRequest)
2018-05-14 09:47:02.978 [restartedMain] INFO  o.s.w.s.m.m.a.RequestMappingHandlerMapping - Mapped "{[/error],produces=[text/html]}" onto public org.springframework.web.servlet.ModelAndView org.springframework.boot.autoconfigure.web.servlet.error.BasicErrorController.errorHtml(javax.servlet.http.HttpServletRequest,javax.servlet.http.HttpServletResponse)
2018-05-14 09:47:02.999 [restartedMain] INFO  o.s.web.servlet.handler.SimpleUrlHandlerMapping - Mapped URL path [/webjars/**] onto handler of type [class org.springframework.web.servlet.resource.ResourceHttpRequestHandler]
2018-05-14 09:47:02.999 [restartedMain] INFO  o.s.web.servlet.handler.SimpleUrlHandlerMapping - Mapped URL path [/**] onto handler of type [class org.springframework.web.servlet.resource.ResourceHttpRequestHandler]
2018-05-14 09:47:03.313 [restartedMain] INFO  o.s.b.d.autoconfigure.OptionalLiveReloadServer - LiveReload server is running on port 35729
2018-05-14 09:47:03.365 [restartedMain] INFO  o.s.jmx.export.annotation.AnnotationMBeanExporter - Registering beans for JMX exposure on startup
2018-05-14 09:47:03.366 [restartedMain] INFO  o.s.jmx.export.annotation.AnnotationMBeanExporter - Bean with name 'dataSource' has been autodetected for JMX exposure
2018-05-14 09:47:03.369 [restartedMain] INFO  o.s.jmx.export.annotation.AnnotationMBeanExporter - Located MBean 'dataSource': registering with JMX server as MBean [com.zaxxer.hikari:name=dataSource,type=HikariDataSource]
2018-05-14 09:47:03.385 [restartedMain] INFO  org.apache.coyote.http11.Http11NioProtocol - Starting ProtocolHandler ["http-nio-8080"]
2018-05-14 09:47:03.392 [restartedMain] INFO  org.apache.tomcat.util.net.NioSelectorPool - Using a shared selector for servlet write/read
2018-05-14 09:47:03.415 [restartedMain] INFO  o.s.boot.web.embedded.tomcat.TomcatWebServer - Tomcat started on port(s): 8080 (http) with context path ''
2018-05-14 09:47:03.417 [restartedMain] INFO  com.songwen.PingApplication - Started PingApplication in 3.939 seconds (JVM running for 4.455)
2018-05-14 10:04:31.991 [restartedMain] INFO  com.songwen.PingApplication - Starting PingApplication on huangtianhao with PID 7564 (D:\IdeaProject\ping\target\classes started by Administrator in D:\IdeaProject\ping)
2018-05-14 10:04:31.993 [restartedMain] INFO  com.songwen.PingApplication - No active profile set, falling back to default profiles: default
2018-05-14 10:04:32.032 [restartedMain] INFO  o.s.b.w.s.c.AnnotationConfigServletWebServerApplicationContext - Refreshing org.springframework.boot.web.servlet.context.AnnotationConfigServletWebServerApplicationContext@5726dd9f: startup date [Mon May 14 10:04:32 CST 2018]; root of context hierarchy
2018-05-14 10:04:33.013 [restartedMain] INFO  o.s.c.s.PostProcessorRegistrationDelegate$BeanPostProcessorChecker - Bean 'org.springframework.transaction.annotation.ProxyTransactionManagementConfiguration' of type [org.springframework.transaction.annotation.ProxyTransactionManagementConfiguration$$EnhancerBySpringCGLIB$$696083d8] is not eligible for getting processed by all BeanPostProcessors (for example: not eligible for auto-proxying)
2018-05-14 10:04:33.313 [restartedMain] INFO  o.s.boot.web.embedded.tomcat.TomcatWebServer - Tomcat initialized with port(s): 8080 (http)
2018-05-14 10:04:33.325 [restartedMain] INFO  org.apache.coyote.http11.Http11NioProtocol - Initializing ProtocolHandler ["http-nio-8080"]
2018-05-14 10:04:33.333 [restartedMain] INFO  org.apache.catalina.core.StandardService - Starting service [Tomcat]
2018-05-14 10:04:33.333 [restartedMain] INFO  org.apache.catalina.core.StandardEngine - Starting Servlet Engine: Apache Tomcat/8.5.29
2018-05-14 10:04:33.336 [localhost-startStop-1] INFO  org.apache.catalina.core.AprLifecycleListener - The APR based Apache Tomcat Native library which allows optimal performance in production environments was not found on the java.library.path: [C:\Program Files\Java\jdk1.8.0_151\bin;C:\WINDOWS\Sun\Java\bin;C:\WINDOWS\system32;C:\WINDOWS;C:\Python27\;C:\Python27\Scripts;C:\windows\system32;C:\windows;C:\windows\System32\Wbem;C:\windows\System32\WindowsPowerShell\v1.0\;C:\Program Files (x86)\NVIDIA Corporation\PhysX\Common;C:\Program Files\Java\jdk1.8.0_151\bin;C:\Program Files\Java\jdk1.8.0_151\jre\bin;D:\Maven\apache-maven-3.5.0\bin;D:\Git\cmd;D:\Git\mingw64\bin;D:\Git\usr\bin;C:\WINDOWS\system32;C:\WINDOWS;C:\WINDOWS\System32\Wbem;C:\WINDOWS\System32\WindowsPowerShell\v1.0\;C:\Program Files\MySQL\MySQL Server 5.7\bin;C:\Users\Administrator\AppData\Local\Microsoft\WindowsApps;;.]
2018-05-14 10:04:33.496 [localhost-startStop-1] INFO  org.apache.jasper.servlet.TldScanner - At least one JAR was scanned for TLDs yet contained no TLDs. Enable debug logging for this logger for a complete list of JARs that were scanned but no TLDs were found in them. Skipping unneeded JARs during scanning can improve startup time and JSP compilation time.
2018-05-14 10:04:33.499 [localhost-startStop-1] INFO  o.a.c.core.ContainerBase.[Tomcat].[localhost].[/] - Initializing Spring embedded WebApplicationContext
2018-05-14 10:04:33.499 [localhost-startStop-1] INFO  org.springframework.web.context.ContextLoader - Root WebApplicationContext: initialization completed in 1467 ms
2018-05-14 10:04:33.600 [localhost-startStop-1] INFO  o.s.boot.web.servlet.ServletRegistrationBean - Servlet dispatcherServlet mapped to [/]
2018-05-14 10:04:33.604 [localhost-startStop-1] INFO  o.s.boot.web.servlet.FilterRegistrationBean - Mapping filter: 'characterEncodingFilter' to: [/*]
2018-05-14 10:04:33.605 [localhost-startStop-1] INFO  o.s.boot.web.servlet.FilterRegistrationBean - Mapping filter: 'hiddenHttpMethodFilter' to: [/*]
2018-05-14 10:04:33.605 [localhost-startStop-1] INFO  o.s.boot.web.servlet.FilterRegistrationBean - Mapping filter: 'httpPutFormContentFilter' to: [/*]
2018-05-14 10:04:33.605 [localhost-startStop-1] INFO  o.s.boot.web.servlet.FilterRegistrationBean - Mapping filter: 'requestContextFilter' to: [/*]
2018-05-14 10:04:33.706 [restartedMain] INFO  com.zaxxer.hikari.HikariDataSource - HikariPool-1 - Starting...
2018-05-14 10:04:33.825 [restartedMain] INFO  com.zaxxer.hikari.HikariDataSource - HikariPool-1 - Start completed.
2018-05-14 10:04:33.856 [restartedMain] INFO  o.s.orm.jpa.LocalContainerEntityManagerFactoryBean - Building JPA container EntityManagerFactory for persistence unit 'default'
2018-05-14 10:04:33.926 [restartedMain] INFO  org.hibernate.jpa.internal.util.LogHelper - HHH000204: Processing PersistenceUnitInfo [
	name: default
	...]
2018-05-14 10:04:33.981 [restartedMain] INFO  org.hibernate.Version - HHH000412: Hibernate Core {5.2.16.Final}
2018-05-14 10:04:33.982 [restartedMain] INFO  org.hibernate.cfg.Environment - HHH000206: hibernate.properties not found
2018-05-14 10:04:34.006 [restartedMain] INFO  org.hibernate.annotations.common.Version - HCANN000001: Hibernate Commons Annotations {5.0.1.Final}
2018-05-14 10:04:34.083 [restartedMain] INFO  org.hibernate.dialect.Dialect - HHH000400: Using dialect: org.hibernate.dialect.MySQL5Dialect
2018-05-14 10:04:34.380 [restartedMain] INFO  o.s.orm.jpa.LocalContainerEntityManagerFactoryBean - Initialized JPA EntityManagerFactory for persistence unit 'default'
2018-05-14 10:04:34.613 [restartedMain] INFO  o.s.web.servlet.handler.SimpleUrlHandlerMapping - Mapped URL path [/**/favicon.ico] onto handler of type [class org.springframework.web.servlet.resource.ResourceHttpRequestHandler]
2018-05-14 10:04:34.789 [restartedMain] INFO  o.s.w.s.m.m.a.RequestMappingHandlerAdapter - Looking for @ControllerAdvice: org.springframework.boot.web.servlet.context.AnnotationConfigServletWebServerApplicationContext@5726dd9f: startup date [Mon May 14 10:04:32 CST 2018]; root of context hierarchy
2018-05-14 10:04:34.810 [restartedMain] WARN  o.s.b.a.o.j.JpaBaseConfiguration$JpaWebConfiguration$JpaWebMvcConfiguration - spring.jpa.open-in-view is enabled by default. Therefore, database queries may be performed during view rendering. Explicitly configure spring.jpa.open-in-view to disable this warning
2018-05-14 10:04:34.836 [restartedMain] INFO  o.s.w.s.m.m.a.RequestMappingHandlerMapping - Mapped "{[/validator]}" onto public java.lang.String com.songwen.ping.web.DemoController.validator(com.songwen.ping.entity.Demo,org.springframework.validation.BindingResult)
2018-05-14 10:04:34.837 [restartedMain] INFO  o.s.w.s.m.m.a.RequestMappingHandlerMapping - Mapped "{[/loger]}" onto public java.lang.String com.songwen.ping.web.LoggerController.index()
2018-05-14 10:04:34.838 [restartedMain] INFO  o.s.w.s.m.m.a.RequestMappingHandlerMapping - Mapped "{[/uploads],methods=[POST]}" onto public java.lang.String com.songwen.ping.web.UploadController.uploads(javax.servlet.http.HttpServletRequest,org.springframework.web.multipart.MultipartFile[])
2018-05-14 10:04:34.838 [restartedMain] INFO  o.s.w.s.m.m.a.RequestMappingHandlerMapping - Mapped "{[/upload],methods=[GET]}" onto public java.lang.String com.songwen.ping.web.UploadController.upload()
2018-05-14 10:04:34.839 [restartedMain] INFO  o.s.w.s.m.m.a.RequestMappingHandlerMapping - Mapped "{[/add]}" onto public java.lang.String com.songwen.ping.web.UserController.add()
2018-05-14 10:04:34.839 [restartedMain] INFO  o.s.w.s.m.m.a.RequestMappingHandlerMapping - Mapped "{[/delete]}" onto public java.lang.String com.songwen.ping.web.UserController.delete(java.lang.Integer)
2018-05-14 10:04:34.839 [restartedMain] INFO  o.s.w.s.m.m.a.RequestMappingHandlerMapping - Mapped "{[/list]}" onto public java.util.List<com.songwen.ping.entity.User> com.songwen.ping.web.UserController.list()
2018-05-14 10:04:34.839 [restartedMain] INFO  o.s.w.s.m.m.a.RequestMappingHandlerMapping - Mapped "{[/deleteWhere]}" onto public java.lang.String com.songwen.ping.web.UserController.deleteWhere()
2018-05-14 10:04:34.839 [restartedMain] INFO  o.s.w.s.m.m.a.RequestMappingHandlerMapping - Mapped "{[/cutPage]}" onto public java.util.List<com.songwen.ping.entity.User> com.songwen.ping.web.UserController.cutPage(int)
2018-05-14 10:04:34.839 [restartedMain] INFO  o.s.w.s.m.m.a.RequestMappingHandlerMapping - Mapped "{[/age]}" onto public java.util.List<com.songwen.ping.entity.User> com.songwen.ping.web.UserController.age()
2018-05-14 10:04:34.842 [restartedMain] INFO  o.s.w.s.m.m.a.RequestMappingHandlerMapping - Mapped "{[/error]}" onto public org.springframework.http.ResponseEntity<java.util.Map<java.lang.String, java.lang.Object>> org.springframework.boot.autoconfigure.web.servlet.error.BasicErrorController.error(javax.servlet.http.HttpServletRequest)
2018-05-14 10:04:34.842 [restartedMain] INFO  o.s.w.s.m.m.a.RequestMappingHandlerMapping - Mapped "{[/error],produces=[text/html]}" onto public org.springframework.web.servlet.ModelAndView org.springframework.boot.autoconfigure.web.servlet.error.BasicErrorController.errorHtml(javax.servlet.http.HttpServletRequest,javax.servlet.http.HttpServletResponse)
2018-05-14 10:04:34.864 [restartedMain] INFO  o.s.web.servlet.handler.SimpleUrlHandlerMapping - Mapped URL path [/webjars/**] onto handler of type [class org.springframework.web.servlet.resource.ResourceHttpRequestHandler]
2018-05-14 10:04:34.865 [restartedMain] INFO  o.s.web.servlet.handler.SimpleUrlHandlerMapping - Mapped URL path [/**] onto handler of type [class org.springframework.web.servlet.resource.ResourceHttpRequestHandler]
2018-05-14 10:04:35.111 [restartedMain] INFO  o.s.b.d.autoconfigure.OptionalLiveReloadServer - LiveReload server is running on port 35729
2018-05-14 10:04:35.132 [restartedMain] INFO  o.s.jmx.export.annotation.AnnotationMBeanExporter - Registering beans for JMX exposure on startup
2018-05-14 10:04:35.134 [restartedMain] INFO  o.s.jmx.export.annotation.AnnotationMBeanExporter - Bean with name 'dataSource' has been autodetected for JMX exposure
2018-05-14 10:04:35.138 [restartedMain] INFO  o.s.jmx.export.annotation.AnnotationMBeanExporter - Located MBean 'dataSource': registering with JMX server as MBean [com.zaxxer.hikari:name=dataSource,type=HikariDataSource]
2018-05-14 10:04:35.145 [restartedMain] INFO  org.apache.coyote.http11.Http11NioProtocol - Starting ProtocolHandler ["http-nio-8080"]
2018-05-14 10:04:35.152 [restartedMain] INFO  org.apache.tomcat.util.net.NioSelectorPool - Using a shared selector for servlet write/read
2018-05-14 10:04:35.166 [restartedMain] INFO  o.s.boot.web.embedded.tomcat.TomcatWebServer - Tomcat started on port(s): 8080 (http) with context path ''
2018-05-14 10:04:35.169 [restartedMain] INFO  com.songwen.PingApplication - Started PingApplication in 3.473 seconds (JVM running for 3.984)
2018-05-14 10:05:54.937 [http-nio-8080-exec-1] INFO  o.a.c.core.ContainerBase.[Tomcat].[localhost].[/] - Initializing Spring FrameworkServlet 'dispatcherServlet'
2018-05-14 10:05:54.938 [http-nio-8080-exec-1] INFO  org.springframework.web.servlet.DispatcherServlet - FrameworkServlet 'dispatcherServlet': initialization started
2018-05-14 10:05:54.970 [http-nio-8080-exec-1] INFO  org.springframework.web.servlet.DispatcherServlet - FrameworkServlet 'dispatcherServlet': initialization completed in 32 ms
2018-05-14 10:30:28.621 [restartedMain] INFO  com.songwen.PingApplication - Starting PingApplication on huangtianhao with PID 3528 (D:\IdeaProject\ping\target\classes started by Administrator in D:\IdeaProject\ping)
2018-05-14 10:30:28.623 [restartedMain] INFO  com.songwen.PingApplication - No active profile set, falling back to default profiles: default
2018-05-14 10:30:28.727 [restartedMain] INFO  o.s.b.w.s.c.AnnotationConfigServletWebServerApplicationContext - Refreshing org.springframework.boot.web.servlet.context.AnnotationConfigServletWebServerApplicationContext@12eaf2fa: startup date [Mon May 14 10:30:28 CST 2018]; root of context hierarchy
2018-05-14 10:30:29.772 [restartedMain] INFO  o.s.c.s.PostProcessorRegistrationDelegate$BeanPostProcessorChecker - Bean 'org.springframework.transaction.annotation.ProxyTransactionManagementConfiguration' of type [org.springframework.transaction.annotation.ProxyTransactionManagementConfiguration$$EnhancerBySpringCGLIB$$8bcfcbcc] is not eligible for getting processed by all BeanPostProcessors (for example: not eligible for auto-proxying)
2018-05-14 10:30:30.072 [restartedMain] INFO  o.s.boot.web.embedded.tomcat.TomcatWebServer - Tomcat initialized with port(s): 8080 (http)
2018-05-14 10:30:30.083 [restartedMain] INFO  org.apache.coyote.http11.Http11NioProtocol - Initializing ProtocolHandler ["http-nio-8080"]
2018-05-14 10:30:30.089 [restartedMain] INFO  org.apache.catalina.core.StandardService - Starting service [Tomcat]
2018-05-14 10:30:30.089 [restartedMain] INFO  org.apache.catalina.core.StandardEngine - Starting Servlet Engine: Apache Tomcat/8.5.29
2018-05-14 10:30:30.092 [localhost-startStop-1] INFO  org.apache.catalina.core.AprLifecycleListener - The APR based Apache Tomcat Native library which allows optimal performance in production environments was not found on the java.library.path: [C:\Program Files\Java\jdk1.8.0_151\bin;C:\WINDOWS\Sun\Java\bin;C:\WINDOWS\system32;C:\WINDOWS;C:\Python27\;C:\Python27\Scripts;C:\windows\system32;C:\windows;C:\windows\System32\Wbem;C:\windows\System32\WindowsPowerShell\v1.0\;C:\Program Files (x86)\NVIDIA Corporation\PhysX\Common;C:\Program Files\Java\jdk1.8.0_151\bin;C:\Program Files\Java\jdk1.8.0_151\jre\bin;D:\Maven\apache-maven-3.5.0\bin;D:\Git\cmd;D:\Git\mingw64\bin;D:\Git\usr\bin;C:\WINDOWS\system32;C:\WINDOWS;C:\WINDOWS\System32\Wbem;C:\WINDOWS\System32\WindowsPowerShell\v1.0\;C:\Program Files\MySQL\MySQL Server 5.7\bin;C:\Users\Administrator\AppData\Local\Microsoft\WindowsApps;;.]
2018-05-14 10:30:30.254 [localhost-startStop-1] INFO  org.apache.jasper.servlet.TldScanner - At least one JAR was scanned for TLDs yet contained no TLDs. Enable debug logging for this logger for a complete list of JARs that were scanned but no TLDs were found in them. Skipping unneeded JARs during scanning can improve startup time and JSP compilation time.
2018-05-14 10:30:30.257 [localhost-startStop-1] INFO  o.a.c.core.ContainerBase.[Tomcat].[localhost].[/] - Initializing Spring embedded WebApplicationContext
2018-05-14 10:30:30.257 [localhost-startStop-1] INFO  org.springframework.web.context.ContextLoader - Root WebApplicationContext: initialization completed in 1530 ms
2018-05-14 10:30:30.355 [localhost-startStop-1] INFO  o.s.boot.web.servlet.ServletRegistrationBean - Servlet dispatcherServlet mapped to [/]
2018-05-14 10:30:30.358 [localhost-startStop-1] INFO  o.s.boot.web.servlet.FilterRegistrationBean - Mapping filter: 'characterEncodingFilter' to: [/*]
2018-05-14 10:30:30.358 [localhost-startStop-1] INFO  o.s.boot.web.servlet.FilterRegistrationBean - Mapping filter: 'hiddenHttpMethodFilter' to: [/*]
2018-05-14 10:30:30.358 [localhost-startStop-1] INFO  o.s.boot.web.servlet.FilterRegistrationBean - Mapping filter: 'httpPutFormContentFilter' to: [/*]
2018-05-14 10:30:30.358 [localhost-startStop-1] INFO  o.s.boot.web.servlet.FilterRegistrationBean - Mapping filter: 'requestContextFilter' to: [/*]
2018-05-14 10:30:30.464 [restartedMain] INFO  com.zaxxer.hikari.HikariDataSource - HikariPool-1 - Starting...
2018-05-14 10:30:30.581 [restartedMain] INFO  com.zaxxer.hikari.HikariDataSource - HikariPool-1 - Start completed.
2018-05-14 10:30:30.611 [restartedMain] INFO  o.s.orm.jpa.LocalContainerEntityManagerFactoryBean - Building JPA container EntityManagerFactory for persistence unit 'default'
2018-05-14 10:30:30.672 [restartedMain] INFO  org.hibernate.jpa.internal.util.LogHelper - HHH000204: Processing PersistenceUnitInfo [
	name: default
	...]
2018-05-14 10:30:30.726 [restartedMain] INFO  org.hibernate.Version - HHH000412: Hibernate Core {5.2.16.Final}
2018-05-14 10:30:30.727 [restartedMain] INFO  org.hibernate.cfg.Environment - HHH000206: hibernate.properties not found
2018-05-14 10:30:30.754 [restartedMain] INFO  org.hibernate.annotations.common.Version - HCANN000001: Hibernate Commons Annotations {5.0.1.Final}
2018-05-14 10:30:30.833 [restartedMain] INFO  org.hibernate.dialect.Dialect - HHH000400: Using dialect: org.hibernate.dialect.MySQL5Dialect
2018-05-14 10:30:31.138 [restartedMain] INFO  o.s.orm.jpa.LocalContainerEntityManagerFactoryBean - Initialized JPA EntityManagerFactory for persistence unit 'default'
2018-05-14 10:30:31.381 [restartedMain] INFO  o.s.web.servlet.handler.SimpleUrlHandlerMapping - Mapped URL path [/**/favicon.ico] onto handler of type [class org.springframework.web.servlet.resource.ResourceHttpRequestHandler]
2018-05-14 10:30:31.563 [restartedMain] INFO  o.s.w.s.m.m.a.RequestMappingHandlerAdapter - Looking for @ControllerAdvice: org.springframework.boot.web.servlet.context.AnnotationConfigServletWebServerApplicationContext@12eaf2fa: startup date [Mon May 14 10:30:28 CST 2018]; root of context hierarchy
2018-05-14 10:30:31.584 [restartedMain] WARN  o.s.b.a.o.j.JpaBaseConfiguration$JpaWebConfiguration$JpaWebMvcConfiguration - spring.jpa.open-in-view is enabled by default. Therefore, database queries may be performed during view rendering. Explicitly configure spring.jpa.open-in-view to disable this warning
2018-05-14 10:30:31.611 [restartedMain] INFO  o.s.w.s.m.m.a.RequestMappingHandlerMapping - Mapped "{[/validator]}" onto public java.lang.String com.songwen.ping.web.DemoController.validator(com.songwen.ping.entity.Demo,org.springframework.validation.BindingResult)
2018-05-14 10:30:31.611 [restartedMain] INFO  o.s.w.s.m.m.a.RequestMappingHandlerMapping - Mapped "{[/loger]}" onto public java.lang.String com.songwen.ping.web.LoggerController.index()
2018-05-14 10:30:31.612 [restartedMain] INFO  o.s.w.s.m.m.a.RequestMappingHandlerMapping - Mapped "{[/uploads],methods=[POST]}" onto public java.lang.String com.songwen.ping.web.UploadController.uploads(javax.servlet.http.HttpServletRequest,org.springframework.web.multipart.MultipartFile[])
2018-05-14 10:30:31.612 [restartedMain] INFO  o.s.w.s.m.m.a.RequestMappingHandlerMapping - Mapped "{[/upload],methods=[GET]}" onto public java.lang.String com.songwen.ping.web.UploadController.upload()
2018-05-14 10:30:31.613 [restartedMain] INFO  o.s.w.s.m.m.a.RequestMappingHandlerMapping - Mapped "{[/add]}" onto public java.lang.String com.songwen.ping.web.UserController.add()
2018-05-14 10:30:31.613 [restartedMain] INFO  o.s.w.s.m.m.a.RequestMappingHandlerMapping - Mapped "{[/delete]}" onto public java.lang.String com.songwen.ping.web.UserController.delete(java.lang.Integer)
2018-05-14 10:30:31.613 [restartedMain] INFO  o.s.w.s.m.m.a.RequestMappingHandlerMapping - Mapped "{[/list]}" onto public java.util.List<com.songwen.ping.entity.User> com.songwen.ping.web.UserController.list()
2018-05-14 10:30:31.613 [restartedMain] INFO  o.s.w.s.m.m.a.RequestMappingHandlerMapping - Mapped "{[/cutPage]}" onto public java.util.List<com.songwen.ping.entity.User> com.songwen.ping.web.UserController.cutPage(int)
2018-05-14 10:30:31.613 [restartedMain] INFO  o.s.w.s.m.m.a.RequestMappingHandlerMapping - Mapped "{[/age]}" onto public java.util.List<com.songwen.ping.entity.User> com.songwen.ping.web.UserController.age()
2018-05-14 10:30:31.613 [restartedMain] INFO  o.s.w.s.m.m.a.RequestMappingHandlerMapping - Mapped "{[/deleteWhere]}" onto public java.lang.String com.songwen.ping.web.UserController.deleteWhere()
2018-05-14 10:30:31.616 [restartedMain] INFO  o.s.w.s.m.m.a.RequestMappingHandlerMapping - Mapped "{[/error]}" onto public org.springframework.http.ResponseEntity<java.util.Map<java.lang.String, java.lang.Object>> org.springframework.boot.autoconfigure.web.servlet.error.BasicErrorController.error(javax.servlet.http.HttpServletRequest)
2018-05-14 10:30:31.616 [restartedMain] INFO  o.s.w.s.m.m.a.RequestMappingHandlerMapping - Mapped "{[/error],produces=[text/html]}" onto public org.springframework.web.servlet.ModelAndView org.springframework.boot.autoconfigure.web.servlet.error.BasicErrorController.errorHtml(javax.servlet.http.HttpServletRequest,javax.servlet.http.HttpServletResponse)
2018-05-14 10:30:31.637 [restartedMain] INFO  o.s.web.servlet.handler.SimpleUrlHandlerMapping - Mapped URL path [/webjars/**] onto handler of type [class org.springframework.web.servlet.resource.ResourceHttpRequestHandler]
2018-05-14 10:30:31.637 [restartedMain] INFO  o.s.web.servlet.handler.SimpleUrlHandlerMapping - Mapped URL path [/**] onto handler of type [class org.springframework.web.servlet.resource.ResourceHttpRequestHandler]
2018-05-14 10:30:31.890 [restartedMain] INFO  o.s.b.d.autoconfigure.OptionalLiveReloadServer - LiveReload server is running on port 35729
2018-05-14 10:30:31.910 [restartedMain] INFO  o.s.jmx.export.annotation.AnnotationMBeanExporter - Registering beans for JMX exposure on startup
2018-05-14 10:30:31.911 [restartedMain] INFO  o.s.jmx.export.annotation.AnnotationMBeanExporter - Bean with name 'dataSource' has been autodetected for JMX exposure
2018-05-14 10:30:31.915 [restartedMain] INFO  o.s.jmx.export.annotation.AnnotationMBeanExporter - Located MBean 'dataSource': registering with JMX server as MBean [com.zaxxer.hikari:name=dataSource,type=HikariDataSource]
2018-05-14 10:30:31.923 [restartedMain] INFO  org.apache.coyote.http11.Http11NioProtocol - Starting ProtocolHandler ["http-nio-8080"]
2018-05-14 10:30:31.930 [restartedMain] INFO  org.apache.tomcat.util.net.NioSelectorPool - Using a shared selector for servlet write/read
2018-05-14 10:30:31.945 [restartedMain] INFO  o.s.boot.web.embedded.tomcat.TomcatWebServer - Tomcat started on port(s): 8080 (http) with context path ''
2018-05-14 10:30:31.948 [restartedMain] INFO  com.songwen.PingApplication - Started PingApplication in 3.665 seconds (JVM running for 4.177)
2018-05-14 10:30:48.202 [http-nio-8080-exec-3] INFO  o.a.c.core.ContainerBase.[Tomcat].[localhost].[/] - Initializing Spring FrameworkServlet 'dispatcherServlet'
2018-05-14 10:30:48.202 [http-nio-8080-exec-3] INFO  org.springframework.web.servlet.DispatcherServlet - FrameworkServlet 'dispatcherServlet': initialization started
2018-05-14 10:30:48.221 [http-nio-8080-exec-3] INFO  org.springframework.web.servlet.DispatcherServlet - FrameworkServlet 'dispatcherServlet': initialization completed in 19 ms
2018-05-14 10:39:04.324 [restartedMain] INFO  com.songwen.PingApplication - Starting PingApplication on huangtianhao with PID 4112 (D:\IdeaProject\ping\target\classes started by Administrator in D:\IdeaProject\ping)
2018-05-14 10:39:04.326 [restartedMain] INFO  com.songwen.PingApplication - No active profile set, falling back to default profiles: default
2018-05-14 10:39:04.366 [restartedMain] INFO  o.s.b.w.s.c.AnnotationConfigServletWebServerApplicationContext - Refreshing org.springframework.boot.web.servlet.context.AnnotationConfigServletWebServerApplicationContext@5855f951: startup date [Mon May 14 10:39:04 CST 2018]; root of context hierarchy
2018-05-14 10:39:05.394 [restartedMain] INFO  o.s.c.s.PostProcessorRegistrationDelegate$BeanPostProcessorChecker - Bean 'org.springframework.transaction.annotation.ProxyTransactionManagementConfiguration' of type [org.springframework.transaction.annotation.ProxyTransactionManagementConfiguration$$EnhancerBySpringCGLIB$$5a157b92] is not eligible for getting processed by all BeanPostProcessors (for example: not eligible for auto-proxying)
2018-05-14 10:39:05.696 [restartedMain] INFO  o.s.boot.web.embedded.tomcat.TomcatWebServer - Tomcat initialized with port(s): 8080 (http)
2018-05-14 10:39:05.708 [restartedMain] INFO  org.apache.coyote.http11.Http11NioProtocol - Initializing ProtocolHandler ["http-nio-8080"]
2018-05-14 10:39:05.715 [restartedMain] INFO  org.apache.catalina.core.StandardService - Starting service [Tomcat]
2018-05-14 10:39:05.715 [restartedMain] INFO  org.apache.catalina.core.StandardEngine - Starting Servlet Engine: Apache Tomcat/8.5.29
2018-05-14 10:39:05.718 [localhost-startStop-1] INFO  org.apache.catalina.core.AprLifecycleListener - The APR based Apache Tomcat Native library which allows optimal performance in production environments was not found on the java.library.path: [C:\Program Files\Java\jdk1.8.0_151\bin;C:\WINDOWS\Sun\Java\bin;C:\WINDOWS\system32;C:\WINDOWS;C:\Python27\;C:\Python27\Scripts;C:\windows\system32;C:\windows;C:\windows\System32\Wbem;C:\windows\System32\WindowsPowerShell\v1.0\;C:\Program Files (x86)\NVIDIA Corporation\PhysX\Common;C:\Program Files\Java\jdk1.8.0_151\bin;C:\Program Files\Java\jdk1.8.0_151\jre\bin;D:\Maven\apache-maven-3.5.0\bin;D:\Git\cmd;D:\Git\mingw64\bin;D:\Git\usr\bin;C:\WINDOWS\system32;C:\WINDOWS;C:\WINDOWS\System32\Wbem;C:\WINDOWS\System32\WindowsPowerShell\v1.0\;C:\Program Files\MySQL\MySQL Server 5.7\bin;C:\Users\Administrator\AppData\Local\Microsoft\WindowsApps;;.]
2018-05-14 10:39:05.883 [localhost-startStop-1] INFO  org.apache.jasper.servlet.TldScanner - At least one JAR was scanned for TLDs yet contained no TLDs. Enable debug logging for this logger for a complete list of JARs that were scanned but no TLDs were found in them. Skipping unneeded JARs during scanning can improve startup time and JSP compilation time.
2018-05-14 10:39:05.886 [localhost-startStop-1] INFO  o.a.c.core.ContainerBase.[Tomcat].[localhost].[/] - Initializing Spring embedded WebApplicationContext
2018-05-14 10:39:05.887 [localhost-startStop-1] INFO  org.springframework.web.context.ContextLoader - Root WebApplicationContext: initialization completed in 1521 ms
2018-05-14 10:39:05.987 [localhost-startStop-1] INFO  o.s.boot.web.servlet.ServletRegistrationBean - Servlet dispatcherServlet mapped to [/]
2018-05-14 10:39:05.990 [localhost-startStop-1] INFO  o.s.boot.web.servlet.FilterRegistrationBean - Mapping filter: 'characterEncodingFilter' to: [/*]
2018-05-14 10:39:05.990 [localhost-startStop-1] INFO  o.s.boot.web.servlet.FilterRegistrationBean - Mapping filter: 'hiddenHttpMethodFilter' to: [/*]
2018-05-14 10:39:05.991 [localhost-startStop-1] INFO  o.s.boot.web.servlet.FilterRegistrationBean - Mapping filter: 'httpPutFormContentFilter' to: [/*]
2018-05-14 10:39:05.991 [localhost-startStop-1] INFO  o.s.boot.web.servlet.FilterRegistrationBean - Mapping filter: 'requestContextFilter' to: [/*]
2018-05-14 10:39:06.094 [restartedMain] INFO  com.zaxxer.hikari.HikariDataSource - HikariPool-1 - Starting...
2018-05-14 10:39:06.213 [restartedMain] INFO  com.zaxxer.hikari.HikariDataSource - HikariPool-1 - Start completed.
2018-05-14 10:39:06.241 [restartedMain] INFO  o.s.orm.jpa.LocalContainerEntityManagerFactoryBean - Building JPA container EntityManagerFactory for persistence unit 'default'
2018-05-14 10:39:06.304 [restartedMain] INFO  org.hibernate.jpa.internal.util.LogHelper - HHH000204: Processing PersistenceUnitInfo [
	name: default
	...]
2018-05-14 10:39:06.358 [restartedMain] INFO  org.hibernate.Version - HHH000412: Hibernate Core {5.2.16.Final}
2018-05-14 10:39:06.359 [restartedMain] INFO  org.hibernate.cfg.Environment - HHH000206: hibernate.properties not found
2018-05-14 10:39:06.386 [restartedMain] INFO  org.hibernate.annotations.common.Version - HCANN000001: Hibernate Commons Annotations {5.0.1.Final}
2018-05-14 10:39:06.467 [restartedMain] INFO  org.hibernate.dialect.Dialect - HHH000400: Using dialect: org.hibernate.dialect.MySQL5Dialect
2018-05-14 10:39:06.773 [restartedMain] INFO  o.s.orm.jpa.LocalContainerEntityManagerFactoryBean - Initialized JPA EntityManagerFactory for persistence unit 'default'
2018-05-14 10:39:07.013 [restartedMain] INFO  o.s.web.servlet.handler.SimpleUrlHandlerMapping - Mapped URL path [/**/favicon.ico] onto handler of type [class org.springframework.web.servlet.resource.ResourceHttpRequestHandler]
2018-05-14 10:39:07.195 [restartedMain] INFO  o.s.w.s.m.m.a.RequestMappingHandlerAdapter - Looking for @ControllerAdvice: org.springframework.boot.web.servlet.context.AnnotationConfigServletWebServerApplicationContext@5855f951: startup date [Mon May 14 10:39:04 CST 2018]; root of context hierarchy
2018-05-14 10:39:07.215 [restartedMain] WARN  o.s.b.a.o.j.JpaBaseConfiguration$JpaWebConfiguration$JpaWebMvcConfiguration - spring.jpa.open-in-view is enabled by default. Therefore, database queries may be performed during view rendering. Explicitly configure spring.jpa.open-in-view to disable this warning
2018-05-14 10:39:07.241 [restartedMain] INFO  o.s.w.s.m.m.a.RequestMappingHandlerMapping - Mapped "{[/validator]}" onto public java.lang.String com.songwen.ping.web.DemoController.validator(com.songwen.ping.entity.Demo,org.springframework.validation.BindingResult)
2018-05-14 10:39:07.242 [restartedMain] INFO  o.s.w.s.m.m.a.RequestMappingHandlerMapping - Mapped "{[/loger]}" onto public java.lang.String com.songwen.ping.web.LoggerController.index()
2018-05-14 10:39:07.242 [restartedMain] INFO  o.s.w.s.m.m.a.RequestMappingHandlerMapping - Mapped "{[/uploads],methods=[POST]}" onto public java.lang.String com.songwen.ping.web.UploadController.uploads(javax.servlet.http.HttpServletRequest,org.springframework.web.multipart.MultipartFile[])
2018-05-14 10:39:07.243 [restartedMain] INFO  o.s.w.s.m.m.a.RequestMappingHandlerMapping - Mapped "{[/upload],methods=[GET]}" onto public java.lang.String com.songwen.ping.web.UploadController.upload()
2018-05-14 10:39:07.243 [restartedMain] INFO  o.s.w.s.m.m.a.RequestMappingHandlerMapping - Mapped "{[/add]}" onto public java.lang.String com.songwen.ping.web.UserController.add()
2018-05-14 10:39:07.243 [restartedMain] INFO  o.s.w.s.m.m.a.RequestMappingHandlerMapping - Mapped "{[/delete]}" onto public java.lang.String com.songwen.ping.web.UserController.delete(java.lang.Integer)
2018-05-14 10:39:07.244 [restartedMain] INFO  o.s.w.s.m.m.a.RequestMappingHandlerMapping - Mapped "{[/list]}" onto public java.util.List<com.songwen.ping.entity.User> com.songwen.ping.web.UserController.list()
2018-05-14 10:39:07.244 [restartedMain] INFO  o.s.w.s.m.m.a.RequestMappingHandlerMapping - Mapped "{[/cutPage]}" onto public java.util.List<com.songwen.ping.entity.User> com.songwen.ping.web.UserController.cutPage(int)
2018-05-14 10:39:07.244 [restartedMain] INFO  o.s.w.s.m.m.a.RequestMappingHandlerMapping - Mapped "{[/age]}" onto public java.util.List<com.songwen.ping.entity.User> com.songwen.ping.web.UserController.age()
2018-05-14 10:39:07.244 [restartedMain] INFO  o.s.w.s.m.m.a.RequestMappingHandlerMapping - Mapped "{[/deleteWhere]}" onto public java.lang.String com.songwen.ping.web.UserController.deleteWhere()
2018-05-14 10:39:07.247 [restartedMain] INFO  o.s.w.s.m.m.a.RequestMappingHandlerMapping - Mapped "{[/error]}" onto public org.springframework.http.ResponseEntity<java.util.Map<java.lang.String, java.lang.Object>> org.springframework.boot.autoconfigure.web.servlet.error.BasicErrorController.error(javax.servlet.http.HttpServletRequest)
2018-05-14 10:39:07.248 [restartedMain] INFO  o.s.w.s.m.m.a.RequestMappingHandlerMapping - Mapped "{[/error],produces=[text/html]}" onto public org.springframework.web.servlet.ModelAndView org.springframework.boot.autoconfigure.web.servlet.error.BasicErrorController.errorHtml(javax.servlet.http.HttpServletRequest,javax.servlet.http.HttpServletResponse)
2018-05-14 10:39:07.270 [restartedMain] INFO  o.s.web.servlet.handler.SimpleUrlHandlerMapping - Mapped URL path [/webjars/**] onto handler of type [class org.springframework.web.servlet.resource.ResourceHttpRequestHandler]
2018-05-14 10:39:07.270 [restartedMain] INFO  o.s.web.servlet.handler.SimpleUrlHandlerMapping - Mapped URL path [/**] onto handler of type [class org.springframework.web.servlet.resource.ResourceHttpRequestHandler]
2018-05-14 10:39:07.524 [restartedMain] INFO  o.s.b.d.autoconfigure.OptionalLiveReloadServer - LiveReload server is running on port 35729
2018-05-14 10:39:07.545 [restartedMain] INFO  o.s.jmx.export.annotation.AnnotationMBeanExporter - Registering beans for JMX exposure on startup
2018-05-14 10:39:07.545 [restartedMain] INFO  o.s.jmx.export.annotation.AnnotationMBeanExporter - Bean with name 'dataSource' has been autodetected for JMX exposure
2018-05-14 10:39:07.549 [restartedMain] INFO  o.s.jmx.export.annotation.AnnotationMBeanExporter - Located MBean 'dataSource': registering with JMX server as MBean [com.zaxxer.hikari:name=dataSource,type=HikariDataSource]
2018-05-14 10:39:07.557 [restartedMain] INFO  org.apache.coyote.http11.Http11NioProtocol - Starting ProtocolHandler ["http-nio-8080"]
2018-05-14 10:39:07.564 [restartedMain] INFO  org.apache.tomcat.util.net.NioSelectorPool - Using a shared selector for servlet write/read
2018-05-14 10:39:07.578 [restartedMain] INFO  o.s.boot.web.embedded.tomcat.TomcatWebServer - Tomcat started on port(s): 8080 (http) with context path ''
2018-05-14 10:39:07.581 [restartedMain] INFO  com.songwen.PingApplication - Started PingApplication in 3.546 seconds (JVM running for 4.049)
2018-05-14 10:39:21.876 [http-nio-8080-exec-1] INFO  o.a.c.core.ContainerBase.[Tomcat].[localhost].[/] - Initializing Spring FrameworkServlet 'dispatcherServlet'
2018-05-14 10:39:21.877 [http-nio-8080-exec-1] INFO  org.springframework.web.servlet.DispatcherServlet - FrameworkServlet 'dispatcherServlet': initialization started
2018-05-14 10:39:21.887 [http-nio-8080-exec-1] INFO  org.springframework.web.servlet.DispatcherServlet - FrameworkServlet 'dispatcherServlet': initialization completed in 10 ms
2018-05-14 11:15:07.639 [main] INFO  o.s.b.t.context.SpringBootTestContextBootstrapper - Neither @ContextConfiguration nor @ContextHierarchy found for test class [com.songwen.PingApplicationTests], using SpringBootContextLoader
2018-05-14 11:15:07.645 [main] INFO  o.s.test.context.support.AbstractContextLoader - Could not detect default resource locations for test class [com.songwen.PingApplicationTests]: no resource found for suffixes {-context.xml, Context.groovy}.
2018-05-14 11:15:07.646 [main] INFO  o.s.t.c.support.AnnotationConfigContextLoaderUtils - Could not detect default configuration classes for test class [com.songwen.PingApplicationTests]: PingApplicationTests does not declare any static, non-private, non-final, nested classes annotated with @Configuration.
2018-05-14 11:15:07.733 [main] INFO  o.s.b.t.context.SpringBootTestContextBootstrapper - Found @SpringBootConfiguration com.songwen.PingApplication for test class com.songwen.PingApplicationTests
2018-05-14 11:15:07.857 [main] INFO  o.s.b.t.context.SpringBootTestContextBootstrapper - Loaded default TestExecutionListener class names from location [META-INF/spring.factories]: [org.springframework.boot.test.mock.mockito.MockitoTestExecutionListener, org.springframework.boot.test.mock.mockito.ResetMocksTestExecutionListener, org.springframework.boot.test.autoconfigure.restdocs.RestDocsTestExecutionListener, org.springframework.boot.test.autoconfigure.web.client.MockRestServiceServerResetTestExecutionListener, org.springframework.boot.test.autoconfigure.web.servlet.MockMvcPrintOnlyOnFailureTestExecutionListener, org.springframework.boot.test.autoconfigure.web.servlet.WebDriverTestExecutionListener, org.springframework.test.context.web.ServletTestExecutionListener, org.springframework.test.context.support.DirtiesContextBeforeModesTestExecutionListener, org.springframework.test.context.support.DependencyInjectionTestExecutionListener, org.springframework.test.context.support.DirtiesContextTestExecutionListener, org.springframework.test.context.transaction.TransactionalTestExecutionListener, org.springframework.test.context.jdbc.SqlScriptsTestExecutionListener]
2018-05-14 11:15:07.873 [main] INFO  o.s.b.t.context.SpringBootTestContextBootstrapper - Using TestExecutionListeners: [org.springframework.test.context.web.ServletTestExecutionListener@6e01f9b0, org.springframework.test.context.support.DirtiesContextBeforeModesTestExecutionListener@2b9ed6da, org.springframework.boot.test.mock.mockito.MockitoTestExecutionListener@6c61a903, org.springframework.boot.test.autoconfigure.SpringBootDependencyInjectionTestExecutionListener@658c5a19, org.springframework.test.context.support.DirtiesContextTestExecutionListener@421e361, org.springframework.test.context.transaction.TransactionalTestExecutionListener@59d4cd39, org.springframework.test.context.jdbc.SqlScriptsTestExecutionListener@389c4eb1, org.springframework.boot.test.mock.mockito.ResetMocksTestExecutionListener@3fc79729, org.springframework.boot.test.autoconfigure.restdocs.RestDocsTestExecutionListener@34f6515b, org.springframework.boot.test.autoconfigure.web.client.MockRestServiceServerResetTestExecutionListener@4b34fff9, org.springframework.boot.test.autoconfigure.web.servlet.MockMvcPrintOnlyOnFailureTestExecutionListener@1187c9e8, org.springframework.boot.test.autoconfigure.web.servlet.WebDriverTestExecutionListener@127a7a2e]
2018-05-14 11:15:08.091 [main] INFO  com.songwen.PingApplicationTests - Starting PingApplicationTests on huangtianhao with PID 7752 (started by Administrator in D:\IdeaProject\ping)
2018-05-14 11:15:08.092 [main] INFO  com.songwen.PingApplicationTests - No active profile set, falling back to default profiles: default
2018-05-14 11:15:08.155 [main] INFO  o.s.w.context.support.GenericWebApplicationContext - Refreshing org.springframework.web.context.support.GenericWebApplicationContext@15dcfae7: startup date [Mon May 14 11:15:08 CST 2018]; root of context hierarchy
2018-05-14 11:15:09.162 [main] INFO  o.s.b.f.a.AutowiredAnnotationBeanPostProcessor - JSR-330 'javax.inject.Inject' annotation found and supported for autowiring
2018-05-14 11:15:09.272 [main] INFO  o.s.c.s.PostProcessorRegistrationDelegate$BeanPostProcessorChecker - Bean 'org.springframework.transaction.annotation.ProxyTransactionManagementConfiguration' of type [org.springframework.transaction.annotation.ProxyTransactionManagementConfiguration$$EnhancerBySpringCGLIB$$7b652853] is not eligible for getting processed by all BeanPostProcessors (for example: not eligible for auto-proxying)
2018-05-14 11:15:09.303 [main] INFO  o.s.c.s.PostProcessorRegistrationDelegate$BeanPostProcessorChecker - Bean 'org.springframework.cache.annotation.ProxyCachingConfiguration' of type [org.springframework.cache.annotation.ProxyCachingConfiguration$$EnhancerBySpringCGLIB$$c4775e71] is not eligible for getting processed by all BeanPostProcessors (for example: not eligible for auto-proxying)
2018-05-14 11:15:09.317 [main] INFO  o.s.c.s.PostProcessorRegistrationDelegate$BeanPostProcessorChecker - Bean 'org.springframework.boot.autoconfigure.cache.CacheAutoConfiguration' of type [org.springframework.boot.autoconfigure.cache.CacheAutoConfiguration$$EnhancerBySpringCGLIB$$b8eb2315] is not eligible for getting processed by all BeanPostProcessors (for example: not eligible for auto-proxying)
2018-05-14 11:15:09.331 [main] INFO  o.s.c.s.PostProcessorRegistrationDelegate$BeanPostProcessorChecker - Bean 'org.springframework.boot.context.properties.ConversionServiceDeducer$Factory' of type [org.springframework.boot.context.properties.ConversionServiceDeducer$Factory] is not eligible for getting processed by all BeanPostProcessors (for example: not eligible for auto-proxying)
2018-05-14 11:15:09.335 [main] INFO  o.s.c.s.PostProcessorRegistrationDelegate$BeanPostProcessorChecker - Bean 'spring.cache-org.springframework.boot.autoconfigure.cache.CacheProperties' of type [org.springframework.boot.autoconfigure.cache.CacheProperties] is not eligible for getting processed by all BeanPostProcessors (for example: not eligible for auto-proxying)
2018-05-14 11:15:09.343 [main] INFO  o.s.c.s.PostProcessorRegistrationDelegate$BeanPostProcessorChecker - Bean 'cacheManagerCustomizers' of type [org.springframework.boot.autoconfigure.cache.CacheManagerCustomizers] is not eligible for getting processed by all BeanPostProcessors (for example: not eligible for auto-proxying)
2018-05-14 11:15:09.345 [main] INFO  o.s.c.s.PostProcessorRegistrationDelegate$BeanPostProcessorChecker - Bean 'org.springframework.boot.autoconfigure.cache.SimpleCacheConfiguration' of type [org.springframework.boot.autoconfigure.cache.SimpleCacheConfiguration$$EnhancerBySpringCGLIB$$5a8695f6] is not eligible for getting processed by all BeanPostProcessors (for example: not eligible for auto-proxying)
2018-05-14 11:15:09.363 [main] INFO  o.s.c.s.PostProcessorRegistrationDelegate$BeanPostProcessorChecker - Bean 'cacheManager' of type [org.springframework.cache.concurrent.ConcurrentMapCacheManager] is not eligible for getting processed by all BeanPostProcessors (for example: not eligible for auto-proxying)
2018-05-14 11:15:09.364 [main] INFO  o.s.c.s.PostProcessorRegistrationDelegate$BeanPostProcessorChecker - Bean 'cacheAutoConfigurationValidator' of type [org.springframework.boot.autoconfigure.cache.CacheAutoConfiguration$CacheManagerValidator] is not eligible for getting processed by all BeanPostProcessors (for example: not eligible for auto-proxying)
2018-05-14 11:15:09.597 [main] INFO  com.zaxxer.hikari.HikariDataSource - HikariPool-1 - Starting...
2018-05-14 11:15:09.774 [main] INFO  com.zaxxer.hikari.HikariDataSource - HikariPool-1 - Start completed.
2018-05-14 11:15:09.812 [main] INFO  o.s.orm.jpa.LocalContainerEntityManagerFactoryBean - Building JPA container EntityManagerFactory for persistence unit 'default'
2018-05-14 11:15:09.828 [main] INFO  org.hibernate.jpa.internal.util.LogHelper - HHH000204: Processing PersistenceUnitInfo [
	name: default
	...]
2018-05-14 11:15:09.910 [main] INFO  org.hibernate.Version - HHH000412: Hibernate Core {5.2.16.Final}
2018-05-14 11:15:09.913 [main] INFO  org.hibernate.cfg.Environment - HHH000206: hibernate.properties not found
2018-05-14 11:15:09.952 [main] INFO  org.hibernate.annotations.common.Version - HCANN000001: Hibernate Commons Annotations {5.0.1.Final}
2018-05-14 11:15:10.065 [main] INFO  org.hibernate.dialect.Dialect - HHH000400: Using dialect: org.hibernate.dialect.MySQL5Dialect
2018-05-14 11:15:10.528 [main] INFO  o.s.orm.jpa.LocalContainerEntityManagerFactoryBean - Initialized JPA EntityManagerFactory for persistence unit 'default'
2018-05-14 11:15:11.072 [main] INFO  o.s.web.servlet.handler.SimpleUrlHandlerMapping - Mapped URL path [/**/favicon.ico] onto handler of type [class org.springframework.web.servlet.resource.ResourceHttpRequestHandler]
2018-05-14 11:15:11.414 [main] INFO  o.s.w.s.m.m.a.RequestMappingHandlerAdapter - Looking for @ControllerAdvice: org.springframework.web.context.support.GenericWebApplicationContext@15dcfae7: startup date [Mon May 14 11:15:08 CST 2018]; root of context hierarchy
2018-05-14 11:15:11.453 [main] WARN  o.s.b.a.o.j.JpaBaseConfiguration$JpaWebConfiguration$JpaWebMvcConfiguration - spring.jpa.open-in-view is enabled by default. Therefore, database queries may be performed during view rendering. Explicitly configure spring.jpa.open-in-view to disable this warning
2018-05-14 11:15:11.483 [main] INFO  o.s.w.s.m.m.a.RequestMappingHandlerMapping - Mapped "{[/validator]}" onto public java.lang.String com.songwen.ping.web.DemoController.validator(com.songwen.ping.entity.Demo,org.springframework.validation.BindingResult)
2018-05-14 11:15:11.484 [main] INFO  o.s.w.s.m.m.a.RequestMappingHandlerMapping - Mapped "{[/loger]}" onto public java.lang.String com.songwen.ping.web.LoggerController.index()
2018-05-14 11:15:11.485 [main] INFO  o.s.w.s.m.m.a.RequestMappingHandlerMapping - Mapped "{[/uploads],methods=[POST]}" onto public java.lang.String com.songwen.ping.web.UploadController.uploads(javax.servlet.http.HttpServletRequest,org.springframework.web.multipart.MultipartFile[])
2018-05-14 11:15:11.485 [main] INFO  o.s.w.s.m.m.a.RequestMappingHandlerMapping - Mapped "{[/upload],methods=[GET]}" onto public java.lang.String com.songwen.ping.web.UploadController.upload()
2018-05-14 11:15:11.486 [main] INFO  o.s.w.s.m.m.a.RequestMappingHandlerMapping - Mapped "{[/add]}" onto public java.lang.String com.songwen.ping.web.UserController.add()
2018-05-14 11:15:11.486 [main] INFO  o.s.w.s.m.m.a.RequestMappingHandlerMapping - Mapped "{[/delete]}" onto public java.lang.String com.songwen.ping.web.UserController.delete(java.lang.Integer)
2018-05-14 11:15:11.486 [main] INFO  o.s.w.s.m.m.a.RequestMappingHandlerMapping - Mapped "{[/list]}" onto public java.util.List<com.songwen.ping.entity.User> com.songwen.ping.web.UserController.list()
2018-05-14 11:15:11.487 [main] INFO  o.s.w.s.m.m.a.RequestMappingHandlerMapping - Mapped "{[/age]}" onto public java.util.List<com.songwen.ping.entity.User> com.songwen.ping.web.UserController.age()
2018-05-14 11:15:11.487 [main] INFO  o.s.w.s.m.m.a.RequestMappingHandlerMapping - Mapped "{[/deleteWhere]}" onto public java.lang.String com.songwen.ping.web.UserController.deleteWhere()
2018-05-14 11:15:11.487 [main] INFO  o.s.w.s.m.m.a.RequestMappingHandlerMapping - Mapped "{[/cutPage]}" onto public java.util.List<com.songwen.ping.entity.User> com.songwen.ping.web.UserController.cutPage(int)
2018-05-14 11:15:11.489 [main] INFO  o.s.w.s.m.m.a.RequestMappingHandlerMapping - Mapped "{[/error]}" onto public org.springframework.http.ResponseEntity<java.util.Map<java.lang.String, java.lang.Object>> org.springframework.boot.autoconfigure.web.servlet.error.BasicErrorController.error(javax.servlet.http.HttpServletRequest)
2018-05-14 11:15:11.490 [main] INFO  o.s.w.s.m.m.a.RequestMappingHandlerMapping - Mapped "{[/error],produces=[text/html]}" onto public org.springframework.web.servlet.ModelAndView org.springframework.boot.autoconfigure.web.servlet.error.BasicErrorController.errorHtml(javax.servlet.http.HttpServletRequest,javax.servlet.http.HttpServletResponse)
2018-05-14 11:15:11.529 [main] INFO  o.s.web.servlet.handler.SimpleUrlHandlerMapping - Mapped URL path [/webjars/**] onto handler of type [class org.springframework.web.servlet.resource.ResourceHttpRequestHandler]
2018-05-14 11:15:11.530 [main] INFO  o.s.web.servlet.handler.SimpleUrlHandlerMapping - Mapped URL path [/**] onto handler of type [class org.springframework.web.servlet.resource.ResourceHttpRequestHandler]
2018-05-14 11:15:11.994 [main] INFO  com.songwen.PingApplicationTests - Started PingApplicationTests in 4.08 seconds (JVM running for 5.068)
2018-05-14 11:15:12.430 [Thread-3] INFO  o.s.w.context.support.GenericWebApplicationContext - Closing org.springframework.web.context.support.GenericWebApplicationContext@15dcfae7: startup date [Mon May 14 11:15:08 CST 2018]; root of context hierarchy
2018-05-14 11:15:12.433 [Thread-3] INFO  o.s.orm.jpa.LocalContainerEntityManagerFactoryBean - Closing JPA EntityManagerFactory for persistence unit 'default'
2018-05-14 11:15:12.435 [Thread-3] INFO  com.zaxxer.hikari.HikariDataSource - HikariPool-1 - Shutdown initiated...
2018-05-14 11:15:12.438 [Thread-3] INFO  com.zaxxer.hikari.HikariDataSource - HikariPool-1 - Shutdown completed.
